\BOOKMARK [0][-]{chapter.1}{\376\377\0001\000\040\000N\000a\000m\000e\000s\000p\000a\000c\000e\000\040\000I\000n\000d\000e\000x}{}% 1
\BOOKMARK [1][-]{section.1.1}{\376\377\0001\000.\0001\000\040\000N\000a\000m\000e\000s\000p\000a\000c\000e\000\040\000L\000i\000s\000t}{chapter.1}% 2
\BOOKMARK [0][-]{chapter.2}{\376\377\0002\000\040\000H\000i\000e\000r\000a\000r\000c\000h\000i\000c\000a\000l\000\040\000I\000n\000d\000e\000x}{}% 3
\BOOKMARK [1][-]{section.2.1}{\376\377\0002\000.\0001\000\040\000C\000l\000a\000s\000s\000\040\000H\000i\000e\000r\000a\000r\000c\000h\000y}{chapter.2}% 4
\BOOKMARK [0][-]{chapter.3}{\376\377\0003\000\040\000C\000l\000a\000s\000s\000\040\000I\000n\000d\000e\000x}{}% 5
\BOOKMARK [1][-]{section.3.1}{\376\377\0003\000.\0001\000\040\000C\000l\000a\000s\000s\000\040\000L\000i\000s\000t}{chapter.3}% 6
\BOOKMARK [0][-]{chapter.4}{\376\377\0004\000\040\000F\000i\000l\000e\000\040\000I\000n\000d\000e\000x}{}% 7
\BOOKMARK [1][-]{section.4.1}{\376\377\0004\000.\0001\000\040\000F\000i\000l\000e\000\040\000L\000i\000s\000t}{chapter.4}% 8
\BOOKMARK [0][-]{chapter.5}{\376\377\0005\000\040\000N\000a\000m\000e\000s\000p\000a\000c\000e\000\040\000D\000o\000c\000u\000m\000e\000n\000t\000a\000t\000i\000o\000n}{}% 9
\BOOKMARK [1][-]{section.5.1}{\376\377\0005\000.\0001\000\040\000f\000r\000a\000m\000e\000s\000\040\000N\000a\000m\000e\000s\000p\000a\000c\000e\000\040\000R\000e\000f\000e\000r\000e\000n\000c\000e}{chapter.5}% 10
\BOOKMARK [1][-]{section.5.2}{\376\377\0005\000.\0002\000\040\000f\000r\000a\000m\000e\000s\000.\000g\000e\000n\000e\000r\000a\000t\000e\000\137\000w\000i\000n\000d\000o\000w\000\040\000N\000a\000m\000e\000s\000p\000a\000c\000e\000\040\000R\000e\000f\000e\000r\000e\000n\000c\000e}{chapter.5}% 11
\BOOKMARK [2][-]{subsection.5.2.1}{\376\377\0005\000.\0002\000.\0001\000\040\000V\000a\000r\000i\000a\000b\000l\000e\000\040\000D\000o\000c\000u\000m\000e\000n\000t\000a\000t\000i\000o\000n}{section.5.2}% 12
\BOOKMARK [3][-]{subsubsection.5.2.1.1}{\376\377\0005\000.\0002\000.\0001\000.\0001\000\040\000A\000C\000T\000I\000V\000A\000T\000E\000\137\000B\000U\000T\000T\000O\000N\000\137\000C\000O\000L\000O\000R}{subsection.5.2.1}% 13
\BOOKMARK [3][-]{subsubsection.5.2.1.2}{\376\377\0005\000.\0002\000.\0001\000.\0002\000\040\000B\000A\000C\000K\000G\000R\000O\000U\000N\000D\0002\000\137\000C\000O\000L\000O\000R}{subsection.5.2.1}% 14
\BOOKMARK [3][-]{subsubsection.5.2.1.3}{\376\377\0005\000.\0002\000.\0001\000.\0003\000\040\000B\000A\000C\000K\000G\000R\000O\000U\000N\000D\000\137\000C\000O\000L\000O\000R}{subsection.5.2.1}% 15
\BOOKMARK [3][-]{subsubsection.5.2.1.4}{\376\377\0005\000.\0002\000.\0001\000.\0004\000\040\000B\000L\000U\000E\000\137\000B\000U\000T\000T\000O\000N\000\137\000C\000O\000L\000O\000R}{subsection.5.2.1}% 16
\BOOKMARK [3][-]{subsubsection.5.2.1.5}{\376\377\0005\000.\0002\000.\0001\000.\0005\000\040\000F\000O\000R\000E\000G\000R\000O\000U\000N\000D\000\137\000C\000O\000L\000O\000R}{subsection.5.2.1}% 17
\BOOKMARK [3][-]{subsubsection.5.2.1.6}{\376\377\0005\000.\0002\000.\0001\000.\0006\000\040\000P\000R\000I\000V\000A\000T\000E\000\137\000K\000E\000Y\000\137\000N\000A\000M\000E}{subsection.5.2.1}% 18
\BOOKMARK [3][-]{subsubsection.5.2.1.7}{\376\377\0005\000.\0002\000.\0001\000.\0007\000\040\000P\000U\000B\000L\000I\000C\000\137\000K\000E\000Y\000\137\000N\000A\000M\000E}{subsection.5.2.1}% 19
\BOOKMARK [1][-]{section.5.3}{\376\377\0005\000.\0003\000\040\000f\000r\000a\000m\000e\000s\000.\000s\000i\000g\000n\000i\000n\000g\000\040\000N\000a\000m\000e\000s\000p\000a\000c\000e\000\040\000R\000e\000f\000e\000r\000e\000n\000c\000e}{chapter.5}% 20
\BOOKMARK [2][-]{subsection.5.3.1}{\376\377\0005\000.\0003\000.\0001\000\040\000V\000a\000r\000i\000a\000b\000l\000e\000\040\000D\000o\000c\000u\000m\000e\000n\000t\000a\000t\000i\000o\000n}{section.5.3}% 21
\BOOKMARK [3][-]{subsubsection.5.3.1.1}{\376\377\0005\000.\0003\000.\0001\000.\0001\000\040\000A\000C\000T\000I\000V\000A\000T\000E\000\137\000B\000U\000T\000T\000O\000N\000\137\000C\000O\000L\000O\000R}{subsection.5.3.1}% 22
\BOOKMARK [3][-]{subsubsection.5.3.1.2}{\376\377\0005\000.\0003\000.\0001\000.\0002\000\040\000B\000A\000C\000K\000G\000R\000O\000U\000N\000D\0002\000\137\000C\000O\000L\000O\000R}{subsection.5.3.1}% 23
\BOOKMARK [3][-]{subsubsection.5.3.1.3}{\376\377\0005\000.\0003\000.\0001\000.\0003\000\040\000B\000A\000C\000K\000G\000R\000O\000U\000N\000D\000\137\000C\000O\000L\000O\000R}{subsection.5.3.1}% 24
\BOOKMARK [3][-]{subsubsection.5.3.1.4}{\376\377\0005\000.\0003\000.\0001\000.\0004\000\040\000B\000L\000U\000E\000\137\000B\000U\000T\000T\000O\000N\000\137\000C\000O\000L\000O\000R}{subsection.5.3.1}% 25
\BOOKMARK [3][-]{subsubsection.5.3.1.5}{\376\377\0005\000.\0003\000.\0001\000.\0005\000\040\000D\000E\000F\000A\000U\000L\000T\000\137\000W\000R\000A\000P\000\137\000L\000E\000N\000G\000T\000H}{subsection.5.3.1}% 26
\BOOKMARK [3][-]{subsubsection.5.3.1.6}{\376\377\0005\000.\0003\000.\0001\000.\0006\000\040\000F\000O\000R\000E\000G\000R\000O\000U\000N\000D\000\137\000C\000O\000L\000O\000R}{subsection.5.3.1}% 27
\BOOKMARK [3][-]{subsubsection.5.3.1.7}{\376\377\0005\000.\0003\000.\0001\000.\0007\000\040\000G\000O\000\137\000B\000A\000C\000K\000\137\000B\000U\000T\000T\000O\000N\000\137\000T\000E\000X\000T}{subsection.5.3.1}% 28
\BOOKMARK [3][-]{subsubsection.5.3.1.8}{\376\377\0005\000.\0003\000.\0001\000.\0008\000\040\000I\000N\000I\000T\000I\000A\000L\000\137\000S\000T\000A\000T\000U\000S\000\137\000T\000E\000X\000T}{subsection.5.3.1}% 29
\BOOKMARK [3][-]{subsubsection.5.3.1.9}{\376\377\0005\000.\0003\000.\0001\000.\0009\000\040\000L\000A\000R\000G\000E\000\137\000F\000O\000N\000T\000\137\000C\000O\000N\000F\000I\000G}{subsection.5.3.1}% 30
\BOOKMARK [3][-]{subsubsection.5.3.1.10}{\376\377\0005\000.\0003\000.\0001\000.\0001\0000\000\040\000P\000A\000T\000H\000S\000\137\000C\000A\000N\000N\000O\000T\000\137\000B\000E\000\137\000T\000H\000E\000\137\000S\000A\000M\000E\000\137\000E\000R\000R\000O\000R\000\137\000T\000E\000X\000T}{subsection.5.3.1}% 31
\BOOKMARK [3][-]{subsubsection.5.3.1.11}{\376\377\0005\000.\0003\000.\0001\000.\0001\0001\000\040\000P\000A\000T\000H\000S\000\137\000R\000E\000Q\000U\000I\000R\000E\000D\000\137\000E\000R\000R\000O\000R\000\137\000T\000E\000X\000T}{subsection.5.3.1}% 32
\BOOKMARK [3][-]{subsubsection.5.3.1.12}{\376\377\0005\000.\0003\000.\0001\000.\0001\0002\000\040\000P\000D\000F\000\137\000F\000I\000L\000E\000\137\000T\000Y\000P\000E\000S}{subsection.5.3.1}% 33
\BOOKMARK [3][-]{subsubsection.5.3.1.13}{\376\377\0005\000.\0003\000.\0001\000.\0001\0003\000\040\000P\000D\000F\000\137\000R\000E\000A\000D\000\137\000E\000R\000R\000O\000R\000\137\000T\000E\000X\000T}{subsection.5.3.1}% 34
\BOOKMARK [3][-]{subsubsection.5.3.1.14}{\376\377\0005\000.\0003\000.\0001\000.\0001\0004\000\040\000R\000E\000T\000R\000Y\000\137\000B\000U\000T\000T\000O\000N\000\137\000T\000E\000X\000T}{subsection.5.3.1}% 35
\BOOKMARK [3][-]{subsubsection.5.3.1.15}{\376\377\0005\000.\0003\000.\0001\000.\0001\0005\000\040\000S\000E\000L\000E\000C\000T\000\137\000S\000O\000U\000R\000C\000E\000\137\000B\000U\000T\000T\000O\000N\000\137\000T\000E\000X\000T}{subsection.5.3.1}% 36
\BOOKMARK [3][-]{subsubsection.5.3.1.16}{\376\377\0005\000.\0003\000.\0001\000.\0001\0006\000\040\000S\000E\000L\000E\000C\000T\000\137\000S\000O\000U\000R\000C\000E\000\137\000P\000D\000F\000\137\000T\000I\000T\000L\000E}{subsection.5.3.1}% 37
\BOOKMARK [3][-]{subsubsection.5.3.1.17}{\376\377\0005\000.\0003\000.\0001\000.\0001\0007\000\040\000S\000E\000L\000E\000C\000T\000\137\000T\000A\000R\000G\000E\000T\000\137\000B\000U\000T\000T\000O\000N\000\137\000T\000E\000X\000T}{subsection.5.3.1}% 38
\BOOKMARK [3][-]{subsubsection.5.3.1.18}{\376\377\0005\000.\0003\000.\0001\000.\0001\0008\000\040\000S\000E\000L\000E\000C\000T\000\137\000T\000A\000R\000G\000E\000T\000\137\000P\000D\000F\000\137\000T\000I\000T\000L\000E}{subsection.5.3.1}% 39
\BOOKMARK [3][-]{subsubsection.5.3.1.19}{\376\377\0005\000.\0003\000.\0001\000.\0001\0009\000\040\000S\000I\000G\000N\000\137\000B\000U\000T\000T\000O\000N\000\137\000I\000N\000I\000T\000I\000A\000L\000\137\000T\000E\000X\000T}{subsection.5.3.1}% 40
\BOOKMARK [3][-]{subsubsection.5.3.1.20}{\376\377\0005\000.\0003\000.\0001\000.\0002\0000\000\040\000S\000I\000G\000N\000I\000N\000G\000\137\000E\000R\000R\000O\000R\000\137\000T\000E\000X\000T}{subsection.5.3.1}% 41
\BOOKMARK [3][-]{subsubsection.5.3.1.21}{\376\377\0005\000.\0003\000.\0001\000.\0002\0001\000\040\000S\000I\000G\000N\000I\000N\000G\000\137\000S\000U\000C\000C\000E\000S\000S\000\137\000T\000E\000X\000T}{subsection.5.3.1}% 42
\BOOKMARK [3][-]{subsubsection.5.3.1.22}{\376\377\0005\000.\0003\000.\0001\000.\0002\0002\000\040\000S\000O\000U\000R\000C\000E\000\137\000P\000D\000F\000\137\000L\000A\000B\000E\000L\000\137\000T\000E\000X\000T}{subsection.5.3.1}% 43
\BOOKMARK [3][-]{subsubsection.5.3.1.23}{\376\377\0005\000.\0003\000.\0001\000.\0002\0003\000\040\000T\000A\000R\000G\000E\000T\000\137\000P\000D\000F\000\137\000L\000A\000B\000E\000L\000\137\000T\000E\000X\000T}{subsection.5.3.1}% 44
\BOOKMARK [3][-]{subsubsection.5.3.1.24}{\376\377\0005\000.\0003\000.\0001\000.\0002\0004\000\040\000U\000N\000E\000X\000P\000E\000C\000T\000E\000D\000\137\000S\000I\000G\000N\000I\000N\000G\000\137\000E\000R\000R\000O\000R\000\137\000T\000E\000X\000T}{subsection.5.3.1}% 45
\BOOKMARK [1][-]{section.5.4}{\376\377\0005\000.\0004\000\040\000f\000r\000a\000m\000e\000s\000.\000s\000t\000a\000r\000t\000\040\000N\000a\000m\000e\000s\000p\000a\000c\000e\000\040\000R\000e\000f\000e\000r\000e\000n\000c\000e}{chapter.5}% 46
\BOOKMARK [2][-]{subsection.5.4.1}{\376\377\0005\000.\0004\000.\0001\000\040\000V\000a\000r\000i\000a\000b\000l\000e\000\040\000D\000o\000c\000u\000m\000e\000n\000t\000a\000t\000i\000o\000n}{section.5.4}% 47
\BOOKMARK [3][-]{subsubsection.5.4.1.1}{\376\377\0005\000.\0004\000.\0001\000.\0001\000\040\000A\000C\000T\000I\000V\000A\000T\000E\000\137\000B\000U\000T\000T\000O\000N\000\137\000C\000O\000L\000O\000R}{subsection.5.4.1}% 48
\BOOKMARK [3][-]{subsubsection.5.4.1.2}{\376\377\0005\000.\0004\000.\0001\000.\0002\000\040\000B\000A\000C\000K\000G\000R\000O\000U\000N\000D\0002\000\137\000C\000O\000L\000O\000R}{subsection.5.4.1}% 49
\BOOKMARK [3][-]{subsubsection.5.4.1.3}{\376\377\0005\000.\0004\000.\0001\000.\0003\000\040\000B\000A\000C\000K\000G\000R\000O\000U\000N\000D\000\137\000C\000O\000L\000O\000R}{subsection.5.4.1}% 50
\BOOKMARK [3][-]{subsubsection.5.4.1.4}{\376\377\0005\000.\0004\000.\0001\000.\0004\000\040\000B\000L\000U\000E\000\137\000B\000U\000T\000T\000O\000N\000\137\000C\000O\000L\000O\000R}{subsection.5.4.1}% 51
\BOOKMARK [3][-]{subsubsection.5.4.1.5}{\376\377\0005\000.\0004\000.\0001\000.\0005\000\040\000B\000U\000T\000T\000O\000N\000\137\000P\000A\000D\000D\000I\000N\000G\000\137\000Y}{subsection.5.4.1}% 52
\BOOKMARK [3][-]{subsubsection.5.4.1.6}{\376\377\0005\000.\0004\000.\0001\000.\0006\000\040\000D\000E\000F\000A\000U\000L\000T\000\137\000P\000A\000D\000D\000I\000N\000G\000\137\000X}{subsection.5.4.1}% 53
\BOOKMARK [3][-]{subsubsection.5.4.1.7}{\376\377\0005\000.\0004\000.\0001\000.\0007\000\040\000D\000E\000F\000A\000U\000L\000T\000\137\000P\000A\000D\000D\000I\000N\000G\000\137\000Y}{subsection.5.4.1}% 54
\BOOKMARK [3][-]{subsubsection.5.4.1.8}{\376\377\0005\000.\0004\000.\0001\000.\0008\000\040\000D\000E\000F\000A\000U\000L\000T\000\137\000W\000R\000A\000P\000\137\000L\000E\000N\000G\000T\000H}{subsection.5.4.1}% 55
\BOOKMARK [3][-]{subsubsection.5.4.1.9}{\376\377\0005\000.\0004\000.\0001\000.\0009\000\040\000F\000O\000R\000E\000G\000R\000O\000U\000N\000D\000\137\000C\000O\000L\000O\000R}{subsection.5.4.1}% 56
\BOOKMARK [3][-]{subsubsection.5.4.1.10}{\376\377\0005\000.\0004\000.\0001\000.\0001\0000\000\040\000L\000A\000B\000E\000L\000\137\000T\000E\000X\000T}{subsection.5.4.1}% 57
\BOOKMARK [3][-]{subsubsection.5.4.1.11}{\376\377\0005\000.\0004\000.\0001\000.\0001\0001\000\040\000L\000A\000R\000G\000E\000\137\000F\000O\000N\000T\000\137\000C\000O\000N\000F\000I\000G}{subsection.5.4.1}% 58
\BOOKMARK [3][-]{subsubsection.5.4.1.12}{\376\377\0005\000.\0004\000.\0001\000.\0001\0002\000\040\000S\000I\000G\000N\000\137\000B\000U\000T\000T\000O\000N\000\137\000T\000E\000X\000T}{subsection.5.4.1}% 59
\BOOKMARK [3][-]{subsubsection.5.4.1.13}{\376\377\0005\000.\0004\000.\0001\000.\0001\0003\000\040\000V\000E\000R\000I\000F\000Y\000\137\000B\000U\000T\000T\000O\000N\000\137\000T\000E\000X\000T}{subsection.5.4.1}% 60
\BOOKMARK [1][-]{section.5.5}{\376\377\0005\000.\0005\000\040\000f\000r\000a\000m\000e\000s\000.\000u\000s\000b\000\137\000k\000e\000y\000\137\000g\000e\000t\000\040\000N\000a\000m\000e\000s\000p\000a\000c\000e\000\040\000R\000e\000f\000e\000r\000e\000n\000c\000e}{chapter.5}% 61
\BOOKMARK [2][-]{subsection.5.5.1}{\376\377\0005\000.\0005\000.\0001\000\040\000V\000a\000r\000i\000a\000b\000l\000e\000\040\000D\000o\000c\000u\000m\000e\000n\000t\000a\000t\000i\000o\000n}{section.5.5}% 62
\BOOKMARK [3][-]{subsubsection.5.5.1.1}{\376\377\0005\000.\0005\000.\0001\000.\0001\000\040\000A\000C\000T\000I\000O\000N\000\137\000B\000U\000T\000T\000O\000N\000\137\000E\000X\000I\000T\000\137\000T\000E\000X\000T}{subsection.5.5.1}% 63
\BOOKMARK [3][-]{subsubsection.5.5.1.2}{\376\377\0005\000.\0005\000.\0001\000.\0002\000\040\000A\000C\000T\000I\000O\000N\000\137\000B\000U\000T\000T\000O\000N\000\137\000I\000N\000I\000T\000I\000A\000L\000\137\000T\000E\000X\000T}{subsection.5.5.1}% 64
\BOOKMARK [3][-]{subsubsection.5.5.1.3}{\376\377\0005\000.\0005\000.\0001\000.\0003\000\040\000A\000C\000T\000I\000O\000N\000\137\000B\000U\000T\000T\000O\000N\000\137\000R\000E\000T\000R\000Y\000\137\000T\000E\000X\000T}{subsection.5.5.1}% 65
\BOOKMARK [3][-]{subsubsection.5.5.1.4}{\376\377\0005\000.\0005\000.\0001\000.\0004\000\040\000A\000C\000T\000I\000V\000A\000T\000E\000\137\000B\000U\000T\000T\000O\000N\000\137\000C\000O\000L\000O\000R}{subsection.5.5.1}% 66
\BOOKMARK [3][-]{subsubsection.5.5.1.5}{\376\377\0005\000.\0005\000.\0001\000.\0005\000\040\000B\000A\000C\000K\000G\000R\000O\000U\000N\000D\0002\000\137\000C\000O\000L\000O\000R}{subsection.5.5.1}% 67
\BOOKMARK [3][-]{subsubsection.5.5.1.6}{\376\377\0005\000.\0005\000.\0001\000.\0006\000\040\000B\000A\000C\000K\000G\000R\000O\000U\000N\000D\000\137\000C\000O\000L\000O\000R}{subsection.5.5.1}% 68
\BOOKMARK [3][-]{subsubsection.5.5.1.7}{\376\377\0005\000.\0005\000.\0001\000.\0007\000\040\000B\000L\000U\000E\000\137\000B\000U\000T\000T\000O\000N\000\137\000C\000O\000L\000O\000R}{subsection.5.5.1}% 69
\BOOKMARK [3][-]{subsubsection.5.5.1.8}{\376\377\0005\000.\0005\000.\0001\000.\0008\000\040\000B\000U\000T\000T\000O\000N\000\137\000P\000A\000D\000D\000I\000N\000G\000\137\000Y}{subsection.5.5.1}% 70
\BOOKMARK [3][-]{subsubsection.5.5.1.9}{\376\377\0005\000.\0005\000.\0001\000.\0009\000\040\000D\000E\000F\000A\000U\000L\000T\000\137\000P\000A\000D\000D\000I\000N\000G\000\137\000X}{subsection.5.5.1}% 71
\BOOKMARK [3][-]{subsubsection.5.5.1.10}{\376\377\0005\000.\0005\000.\0001\000.\0001\0000\000\040\000D\000E\000F\000A\000U\000L\000T\000\137\000P\000A\000D\000D\000I\000N\000G\000\137\000Y}{subsection.5.5.1}% 72
\BOOKMARK [3][-]{subsubsection.5.5.1.11}{\376\377\0005\000.\0005\000.\0001\000.\0001\0001\000\040\000D\000E\000F\000A\000U\000L\000T\000\137\000W\000R\000A\000P\000\137\000L\000E\000N\000G\000T\000H}{subsection.5.5.1}% 73
\BOOKMARK [3][-]{subsubsection.5.5.1.12}{\376\377\0005\000.\0005\000.\0001\000.\0001\0002\000\040\000F\000O\000R\000E\000G\000R\000O\000U\000N\000D\000\137\000C\000O\000L\000O\000R}{subsection.5.5.1}% 74
\BOOKMARK [3][-]{subsubsection.5.5.1.13}{\376\377\0005\000.\0005\000.\0001\000.\0001\0003\000\040\000I\000N\000I\000T\000I\000A\000L\000\137\000I\000N\000S\000T\000R\000U\000C\000T\000I\000O\000N\000\137\000T\000E\000X\000T}{subsection.5.5.1}% 75
\BOOKMARK [3][-]{subsubsection.5.5.1.14}{\376\377\0005\000.\0005\000.\0001\000.\0001\0004\000\040\000I\000N\000P\000U\000T\000\137\000A\000R\000E\000A\000\137\000P\000A\000D\000D\000I\000N\000G\000\137\000Y}{subsection.5.5.1}% 76
\BOOKMARK [3][-]{subsubsection.5.5.1.15}{\376\377\0005\000.\0005\000.\0001\000.\0001\0005\000\040\000K\000E\000Y\000\137\000I\000N\000V\000A\000L\000I\000D\000\137\000M\000S\000G}{subsection.5.5.1}% 77
\BOOKMARK [3][-]{subsubsection.5.5.1.16}{\376\377\0005\000.\0005\000.\0001\000.\0001\0006\000\040\000K\000E\000Y\000\137\000O\000R\000\137\000P\000I\000N\000\137\000I\000N\000V\000A\000L\000I\000D\000\137\000M\000S\000G}{subsection.5.5.1}% 78
\BOOKMARK [3][-]{subsubsection.5.5.1.17}{\376\377\0005\000.\0005\000.\0001\000.\0001\0007\000\040\000L\000A\000R\000G\000E\000\137\000F\000O\000N\000T\000\137\000C\000O\000N\000F\000I\000G}{subsection.5.5.1}% 79
\BOOKMARK [3][-]{subsubsection.5.5.1.18}{\376\377\0005\000.\0005\000.\0001\000.\0001\0008\000\040\000M\000U\000L\000T\000I\000P\000L\000E\000\137\000K\000E\000Y\000S\000\137\000M\000S\000G}{subsection.5.5.1}% 80
\BOOKMARK [3][-]{subsubsection.5.5.1.19}{\376\377\0005\000.\0005\000.\0001\000.\0001\0009\000\040\000N\000O\000\137\000K\000E\000Y\000\137\000F\000I\000L\000E\000\137\000M\000S\000G}{subsection.5.5.1}% 81
\BOOKMARK [3][-]{subsubsection.5.5.1.20}{\376\377\0005\000.\0005\000.\0001\000.\0002\0000\000\040\000N\000O\000\137\000U\000S\000B\000\137\000D\000R\000I\000V\000E\000S\000\137\000M\000S\000G}{subsection.5.5.1}% 82
\BOOKMARK [3][-]{subsubsection.5.5.1.21}{\376\377\0005\000.\0005\000.\0001\000.\0002\0001\000\040\000P\000I\000N\000\137\000I\000N\000V\000A\000L\000I\000D\000\137\000F\000O\000R\000M\000A\000T\000\137\000M\000S\000G}{subsection.5.5.1}% 83
\BOOKMARK [3][-]{subsubsection.5.5.1.22}{\376\377\0005\000.\0005\000.\0001\000.\0002\0002\000\040\000P\000I\000N\000\137\000L\000A\000B\000E\000L\000\137\000T\000E\000X\000T}{subsection.5.5.1}% 84
\BOOKMARK [3][-]{subsubsection.5.5.1.23}{\376\377\0005\000.\0005\000.\0001\000.\0002\0003\000\040\000P\000I\000N\000\137\000R\000E\000Q\000U\000I\000R\000E\000D\000\137\000M\000S\000G}{subsection.5.5.1}% 85
\BOOKMARK [3][-]{subsubsection.5.5.1.24}{\376\377\0005\000.\0005\000.\0001\000.\0002\0004\000\040\000U\000N\000S\000U\000P\000P\000O\000R\000T\000E\000D\000\137\000P\000L\000A\000T\000F\000O\000R\000M\000\137\000M\000S\000G}{subsection.5.5.1}% 86
\BOOKMARK [1][-]{section.5.6}{\376\377\0005\000.\0006\000\040\000f\000r\000a\000m\000e\000s\000.\000v\000e\000r\000i\000f\000y\000i\000n\000g\000\040\000N\000a\000m\000e\000s\000p\000a\000c\000e\000\040\000R\000e\000f\000e\000r\000e\000n\000c\000e}{chapter.5}% 87
\BOOKMARK [2][-]{subsection.5.6.1}{\376\377\0005\000.\0006\000.\0001\000\040\000V\000a\000r\000i\000a\000b\000l\000e\000\040\000D\000o\000c\000u\000m\000e\000n\000t\000a\000t\000i\000o\000n}{section.5.6}% 88
\BOOKMARK [3][-]{subsubsection.5.6.1.1}{\376\377\0005\000.\0006\000.\0001\000.\0001\000\040\000A\000C\000T\000I\000V\000A\000T\000E\000\137\000B\000U\000T\000T\000O\000N\000\137\000C\000O\000L\000O\000R}{subsection.5.6.1}% 89
\BOOKMARK [3][-]{subsubsection.5.6.1.2}{\376\377\0005\000.\0006\000.\0001\000.\0002\000\040\000B\000A\000C\000K\000G\000R\000O\000U\000N\000D\0002\000\137\000C\000O\000L\000O\000R}{subsection.5.6.1}% 90
\BOOKMARK [3][-]{subsubsection.5.6.1.3}{\376\377\0005\000.\0006\000.\0001\000.\0003\000\040\000B\000A\000C\000K\000G\000R\000O\000U\000N\000D\000\137\000C\000O\000L\000O\000R}{subsection.5.6.1}% 91
\BOOKMARK [3][-]{subsubsection.5.6.1.4}{\376\377\0005\000.\0006\000.\0001\000.\0004\000\040\000B\000L\000U\000E\000\137\000B\000U\000T\000T\000O\000N\000\137\000C\000O\000L\000O\000R}{subsection.5.6.1}% 92
\BOOKMARK [3][-]{subsubsection.5.6.1.5}{\376\377\0005\000.\0006\000.\0001\000.\0005\000\040\000B\000U\000T\000T\000O\000N\000\137\000P\000A\000D\000D\000I\000N\000G\000\137\000Y}{subsection.5.6.1}% 93
\BOOKMARK [3][-]{subsubsection.5.6.1.6}{\376\377\0005\000.\0006\000.\0001\000.\0006\000\040\000D\000E\000F\000A\000U\000L\000T\000\137\000P\000A\000D\000D\000I\000N\000G\000\137\000X}{subsection.5.6.1}% 94
\BOOKMARK [3][-]{subsubsection.5.6.1.7}{\376\377\0005\000.\0006\000.\0001\000.\0007\000\040\000D\000E\000F\000A\000U\000L\000T\000\137\000P\000A\000D\000D\000I\000N\000G\000\137\000Y}{subsection.5.6.1}% 95
\BOOKMARK [3][-]{subsubsection.5.6.1.8}{\376\377\0005\000.\0006\000.\0001\000.\0008\000\040\000D\000E\000F\000A\000U\000L\000T\000\137\000W\000R\000A\000P\000\137\000L\000E\000N\000G\000T\000H}{subsection.5.6.1}% 96
\BOOKMARK [3][-]{subsubsection.5.6.1.9}{\376\377\0005\000.\0006\000.\0001\000.\0009\000\040\000F\000O\000R\000E\000G\000R\000O\000U\000N\000D\000\137\000C\000O\000L\000O\000R}{subsection.5.6.1}% 97
\BOOKMARK [3][-]{subsubsection.5.6.1.10}{\376\377\0005\000.\0006\000.\0001\000.\0001\0000\000\040\000I\000N\000I\000T\000I\000A\000L\000\137\000I\000N\000S\000T\000R\000U\000C\000T\000I\000O\000N\000\137\000T\000E\000X\000T}{subsection.5.6.1}% 98
\BOOKMARK [3][-]{subsubsection.5.6.1.11}{\376\377\0005\000.\0006\000.\0001\000.\0001\0001\000\040\000L\000A\000R\000G\000E\000\137\000F\000O\000N\000T\000\137\000C\000O\000N\000F\000I\000G}{subsection.5.6.1}% 99
\BOOKMARK [3][-]{subsubsection.5.6.1.12}{\376\377\0005\000.\0006\000.\0001\000.\0001\0002\000\040\000N\000O\000\137\000S\000I\000G\000N\000A\000T\000U\000R\000E\000\137\000M\000S\000G}{subsection.5.6.1}% 100
\BOOKMARK [3][-]{subsubsection.5.6.1.13}{\376\377\0005\000.\0006\000.\0001\000.\0001\0003\000\040\000P\000A\000T\000H\000S\000\137\000R\000E\000Q\000U\000I\000R\000E\000D\000\137\000M\000S\000G}{subsection.5.6.1}% 101
\BOOKMARK [3][-]{subsubsection.5.6.1.14}{\376\377\0005\000.\0006\000.\0001\000.\0001\0004\000\040\000P\000D\000F\000\137\000F\000I\000L\000E\000\137\000T\000Y\000P\000E\000S}{subsection.5.6.1}% 102
\BOOKMARK [3][-]{subsubsection.5.6.1.15}{\376\377\0005\000.\0006\000.\0001\000.\0001\0005\000\040\000P\000D\000F\000\137\000I\000N\000V\000A\000L\000I\000D\000\137\000M\000S\000G}{subsection.5.6.1}% 103
\BOOKMARK [3][-]{subsubsection.5.6.1.16}{\376\377\0005\000.\0006\000.\0001\000.\0001\0006\000\040\000P\000U\000B\000L\000I\000C\000\137\000K\000E\000Y\000\137\000F\000I\000L\000E\000\137\000T\000Y\000P\000E\000S}{subsection.5.6.1}% 104
\BOOKMARK [3][-]{subsubsection.5.6.1.17}{\376\377\0005\000.\0006\000.\0001\000.\0001\0007\000\040\000P\000U\000B\000L\000I\000C\000\137\000K\000E\000Y\000\137\000I\000N\000V\000A\000L\000I\000D\000\137\000M\000S\000G}{subsection.5.6.1}% 105
\BOOKMARK [3][-]{subsubsection.5.6.1.18}{\376\377\0005\000.\0006\000.\0001\000.\0001\0008\000\040\000P\000U\000B\000L\000I\000C\000\137\000K\000E\000Y\000\137\000N\000O\000T\000\137\000F\000O\000U\000N\000D\000\137\000M\000S\000G}{subsection.5.6.1}% 106
\BOOKMARK [3][-]{subsubsection.5.6.1.19}{\376\377\0005\000.\0006\000.\0001\000.\0001\0009\000\040\000S\000E\000C\000T\000I\000O\000N\000\137\000S\000P\000A\000C\000I\000N\000G\000\137\000Y}{subsection.5.6.1}% 107
\BOOKMARK [3][-]{subsubsection.5.6.1.20}{\376\377\0005\000.\0006\000.\0001\000.\0002\0000\000\040\000S\000E\000L\000E\000C\000T\000\137\000P\000D\000F\000\137\000T\000O\000\137\000V\000E\000R\000I\000F\000Y\000\137\000T\000I\000T\000L\000E}{subsection.5.6.1}% 108
\BOOKMARK [3][-]{subsubsection.5.6.1.21}{\376\377\0005\000.\0006\000.\0001\000.\0002\0001\000\040\000S\000E\000L\000E\000C\000T\000\137\000P\000U\000B\000L\000I\000C\000\137\000K\000E\000Y\000\137\000T\000I\000T\000L\000E}{subsection.5.6.1}% 109
\BOOKMARK [3][-]{subsubsection.5.6.1.22}{\376\377\0005\000.\0006\000.\0001\000.\0002\0002\000\040\000S\000I\000G\000N\000A\000T\000U\000R\000E\000\137\000I\000N\000V\000A\000L\000I\000D\000\137\000M\000S\000G}{subsection.5.6.1}% 110
\BOOKMARK [3][-]{subsubsection.5.6.1.23}{\376\377\0005\000.\0006\000.\0001\000.\0002\0003\000\040\000S\000I\000G\000N\000A\000T\000U\000R\000E\000\137\000V\000A\000L\000I\000D\000\137\000M\000S\000G}{subsection.5.6.1}% 111
\BOOKMARK [3][-]{subsubsection.5.6.1.24}{\376\377\0005\000.\0006\000.\0001\000.\0002\0004\000\040\000V\000E\000R\000I\000F\000I\000C\000A\000T\000I\000O\000N\000\137\000E\000R\000R\000O\000R\000\137\000M\000S\000G}{subsection.5.6.1}% 112
\BOOKMARK [3][-]{subsubsection.5.6.1.25}{\376\377\0005\000.\0006\000.\0001\000.\0002\0005\000\040\000V\000E\000R\000I\000F\000Y\000\137\000B\000U\000T\000T\000O\000N\000\137\000G\000O\000\137\000B\000A\000C\000K\000\137\000T\000E\000X\000T}{subsection.5.6.1}% 113
\BOOKMARK [3][-]{subsubsection.5.6.1.26}{\376\377\0005\000.\0006\000.\0001\000.\0002\0006\000\040\000V\000E\000R\000I\000F\000Y\000\137\000B\000U\000T\000T\000O\000N\000\137\000I\000N\000I\000T\000I\000A\000L\000\137\000T\000E\000X\000T}{subsection.5.6.1}% 114
\BOOKMARK [3][-]{subsubsection.5.6.1.27}{\376\377\0005\000.\0006\000.\0001\000.\0002\0007\000\040\000V\000E\000R\000I\000F\000Y\000\137\000B\000U\000T\000T\000O\000N\000\137\000R\000E\000T\000R\000Y\000\137\000T\000E\000X\000T}{subsection.5.6.1}% 115
\BOOKMARK [1][-]{section.5.7}{\376\377\0005\000.\0007\000\040\000k\000e\000y\000\137\000g\000e\000n\000e\000r\000a\000t\000e\000\040\000N\000a\000m\000e\000s\000p\000a\000c\000e\000\040\000R\000e\000f\000e\000r\000e\000n\000c\000e}{chapter.5}% 116
\BOOKMARK [1][-]{section.5.8}{\376\377\0005\000.\0008\000\040\000k\000e\000y\000\137\000g\000e\000n\000e\000r\000a\000t\000e\000.\000A\000E\000S\000\137\000k\000e\000y\000\137\000g\000e\000n\000e\000r\000a\000t\000o\000r\000\040\000N\000a\000m\000e\000s\000p\000a\000c\000e\000\040\000R\000e\000f\000e\000r\000e\000n\000c\000e}{chapter.5}% 117
\BOOKMARK [2][-]{subsection.5.8.1}{\376\377\0005\000.\0008\000.\0001\000\040\000F\000u\000n\000c\000t\000i\000o\000n\000\040\000D\000o\000c\000u\000m\000e\000n\000t\000a\000t\000i\000o\000n}{section.5.8}% 118
\BOOKMARK [3][-]{subsubsection.5.8.1.1}{\376\377\0005\000.\0008\000.\0001\000.\0001\000\040\000a\000e\000s\000\137\000d\000e\000c\000r\000y\000p\000t\000\137\000f\000i\000l\000e\000\050\000\051}{subsection.5.8.1}% 119
\BOOKMARK [3][-]{subsubsection.5.8.1.2}{\376\377\0005\000.\0008\000.\0001\000.\0002\000\040\000a\000e\000s\000\137\000e\000n\000c\000r\000y\000p\000t\000\137\000f\000i\000l\000e\000\050\000\051}{subsection.5.8.1}% 120
\BOOKMARK [3][-]{subsubsection.5.8.1.3}{\376\377\0005\000.\0008\000.\0001\000.\0003\000\040\000h\000a\000s\000h\000\137\000p\000i\000n\000\050\000\051}{subsection.5.8.1}% 121
\BOOKMARK [1][-]{section.5.9}{\376\377\0005\000.\0009\000\040\000k\000e\000y\000\137\000g\000e\000n\000e\000r\000a\000t\000e\000.\000R\000S\000A\000\137\000k\000e\000y\000\137\000g\000e\000n\000e\000r\000a\000t\000o\000r\000\040\000N\000a\000m\000e\000s\000p\000a\000c\000e\000\040\000R\000e\000f\000e\000r\000e\000n\000c\000e}{chapter.5}% 122
\BOOKMARK [2][-]{subsection.5.9.1}{\376\377\0005\000.\0009\000.\0001\000\040\000F\000u\000n\000c\000t\000i\000o\000n\000\040\000D\000o\000c\000u\000m\000e\000n\000t\000a\000t\000i\000o\000n}{section.5.9}% 123
\BOOKMARK [3][-]{subsubsection.5.9.1.1}{\376\377\0005\000.\0009\000.\0001\000.\0001\000\040\000g\000e\000n\000e\000r\000a\000t\000e\000\137\000k\000e\000y\000s\000\050\000\051}{subsection.5.9.1}% 124
\BOOKMARK [1][-]{section.5.10}{\376\377\0005\000.\0001\0000\000\040\000k\000e\000y\000\137\000g\000e\000t\000t\000e\000r\000\040\000N\000a\000m\000e\000s\000p\000a\000c\000e\000\040\000R\000e\000f\000e\000r\000e\000n\000c\000e}{chapter.5}% 125
\BOOKMARK [1][-]{section.5.11}{\376\377\0005\000.\0001\0001\000\040\000k\000e\000y\000\137\000g\000e\000t\000t\000e\000r\000.\000A\000E\000S\000\137\000P\000I\000N\000\137\000d\000e\000c\000r\000y\000p\000t\000o\000r\000\040\000N\000a\000m\000e\000s\000p\000a\000c\000e\000\040\000R\000e\000f\000e\000r\000e\000n\000c\000e}{chapter.5}% 126
\BOOKMARK [2][-]{subsection.5.11.1}{\376\377\0005\000.\0001\0001\000.\0001\000\040\000F\000u\000n\000c\000t\000i\000o\000n\000\040\000D\000o\000c\000u\000m\000e\000n\000t\000a\000t\000i\000o\000n}{section.5.11}% 127
\BOOKMARK [3][-]{subsubsection.5.11.1.1}{\376\377\0005\000.\0001\0001\000.\0001\000.\0001\000\040\000a\000e\000s\000\137\000d\000e\000c\000r\000y\000p\000t\000\137\000f\000i\000l\000e\000\050\000\051}{subsection.5.11.1}% 128
\BOOKMARK [3][-]{subsubsection.5.11.1.2}{\376\377\0005\000.\0001\0001\000.\0001\000.\0002\000\040\000h\000a\000s\000h\000\137\000p\000i\000n\000\050\000\051}{subsection.5.11.1}% 129
\BOOKMARK [1][-]{section.5.12}{\376\377\0005\000.\0001\0002\000\040\000k\000e\000y\000\137\000g\000e\000t\000t\000e\000r\000.\000k\000e\000y\000\137\000g\000e\000t\000t\000e\000r\000\040\000N\000a\000m\000e\000s\000p\000a\000c\000e\000\040\000R\000e\000f\000e\000r\000e\000n\000c\000e}{chapter.5}% 130
\BOOKMARK [2][-]{subsection.5.12.1}{\376\377\0005\000.\0001\0002\000.\0001\000\040\000F\000u\000n\000c\000t\000i\000o\000n\000\040\000D\000o\000c\000u\000m\000e\000n\000t\000a\000t\000i\000o\000n}{section.5.12}% 131
\BOOKMARK [3][-]{subsubsection.5.12.1.1}{\376\377\0005\000.\0001\0002\000.\0001\000.\0001\000\040\000\137\000g\000e\000t\000\137\000k\000e\000y\000\137\000l\000i\000n\000u\000x\000\050\000\051}{subsection.5.12.1}% 132
\BOOKMARK [3][-]{subsubsection.5.12.1.2}{\376\377\0005\000.\0001\0002\000.\0001\000.\0002\000\040\000\137\000g\000e\000t\000\137\000k\000e\000y\000\137\000p\000a\000t\000h\000s\000\050\000\051}{subsection.5.12.1}% 133
\BOOKMARK [3][-]{subsubsection.5.12.1.3}{\376\377\0005\000.\0001\0002\000.\0001\000.\0003\000\040\000\137\000g\000e\000t\000\137\000k\000e\000y\000\137\000w\000i\000n\000d\000o\000w\000s\000\050\000\051}{subsection.5.12.1}% 134
\BOOKMARK [3][-]{subsubsection.5.12.1.4}{\376\377\0005\000.\0001\0002\000.\0001\000.\0004\000\040\000g\000e\000t\000\137\000k\000e\000y\000\050\000\051}{subsection.5.12.1}% 135
\BOOKMARK [2][-]{subsection.5.12.2}{\376\377\0005\000.\0001\0002\000.\0002\000\040\000V\000a\000r\000i\000a\000b\000l\000e\000\040\000D\000o\000c\000u\000m\000e\000n\000t\000a\000t\000i\000o\000n}{section.5.12}% 136
\BOOKMARK [3][-]{subsubsection.5.12.2.1}{\376\377\0005\000.\0001\0002\000.\0002\000.\0001\000\040\000K\000E\000Y\000\137\000F\000I\000L\000E\000\137\000N\000A\000M\000E}{subsection.5.12.2}% 137
\BOOKMARK [3][-]{subsubsection.5.12.2.2}{\376\377\0005\000.\0001\0002\000.\0002\000.\0002\000\040\000L\000I\000N\000U\000X\000\137\000P\000L\000A\000T\000F\000O\000R\000M\000\137\000N\000A\000M\000E}{subsection.5.12.2}% 138
\BOOKMARK [3][-]{subsubsection.5.12.2.3}{\376\377\0005\000.\0001\0002\000.\0002\000.\0003\000\040\000W\000I\000N\000D\000O\000W\000S\000\137\000P\000L\000A\000T\000F\000O\000R\000M\000\137\000N\000A\000M\000E}{subsection.5.12.2}% 139
\BOOKMARK [1][-]{section.5.13}{\376\377\0005\000.\0001\0003\000\040\000k\000e\000y\000\137\000g\000e\000t\000t\000e\000r\000.\000u\000s\000b\000\137\000f\000i\000n\000d\000e\000r\000\137\000l\000i\000n\000u\000x\000\040\000N\000a\000m\000e\000s\000p\000a\000c\000e\000\040\000R\000e\000f\000e\000r\000e\000n\000c\000e}{chapter.5}% 140
\BOOKMARK [2][-]{subsection.5.13.1}{\376\377\0005\000.\0001\0003\000.\0001\000\040\000F\000u\000n\000c\000t\000i\000o\000n\000\040\000D\000o\000c\000u\000m\000e\000n\000t\000a\000t\000i\000o\000n}{section.5.13}% 141
\BOOKMARK [3][-]{subsubsection.5.13.1.1}{\376\377\0005\000.\0001\0003\000.\0001\000.\0001\000\040\000\137\000g\000e\000t\000\137\000u\000s\000b\000\137\000d\000e\000v\000i\000c\000e\000s\000\137\000l\000i\000n\000u\000x\000\050\000\051}{subsection.5.13.1}% 142
\BOOKMARK [3][-]{subsubsection.5.13.1.2}{\376\377\0005\000.\0001\0003\000.\0001\000.\0002\000\040\000g\000e\000t\000\137\000u\000s\000b\000\137\000m\000o\000u\000n\000t\000\137\000p\000a\000t\000h\000s\000\137\000l\000i\000n\000u\000x\000\050\000\051}{subsection.5.13.1}% 143
\BOOKMARK [1][-]{section.5.14}{\376\377\0005\000.\0001\0004\000\040\000k\000e\000y\000\137\000g\000e\000t\000t\000e\000r\000.\000u\000s\000b\000\137\000f\000i\000n\000d\000e\000r\000\137\000w\000i\000n\000d\000o\000w\000s\000\040\000N\000a\000m\000e\000s\000p\000a\000c\000e\000\040\000R\000e\000f\000e\000r\000e\000n\000c\000e}{chapter.5}% 144
\BOOKMARK [2][-]{subsection.5.14.1}{\376\377\0005\000.\0001\0004\000.\0001\000\040\000F\000u\000n\000c\000t\000i\000o\000n\000\040\000D\000o\000c\000u\000m\000e\000n\000t\000a\000t\000i\000o\000n}{section.5.14}% 145
\BOOKMARK [3][-]{subsubsection.5.14.1.1}{\376\377\0005\000.\0001\0004\000.\0001\000.\0001\000\040\000\137\000g\000e\000t\000\137\000u\000s\000b\000\137\000d\000e\000v\000i\000c\000e\000s\000\137\000w\000i\000n\000d\000o\000w\000s\000\050\000\051}{subsection.5.14.1}% 146
\BOOKMARK [3][-]{subsubsection.5.14.1.2}{\376\377\0005\000.\0001\0004\000.\0001\000.\0002\000\040\000g\000e\000t\000\137\000u\000s\000b\000\137\000m\000o\000u\000n\000t\000\137\000p\000a\000t\000h\000s\000\137\000w\000i\000n\000d\000o\000w\000s\000\050\000\051}{subsection.5.14.1}% 147
\BOOKMARK [1][-]{section.5.15}{\376\377\0005\000.\0001\0005\000\040\000m\000a\000i\000n\000\040\000N\000a\000m\000e\000s\000p\000a\000c\000e\000\040\000R\000e\000f\000e\000r\000e\000n\000c\000e}{chapter.5}% 148
\BOOKMARK [2][-]{subsection.5.15.1}{\376\377\0005\000.\0001\0005\000.\0001\000\040\000V\000a\000r\000i\000a\000b\000l\000e\000\040\000D\000o\000c\000u\000m\000e\000n\000t\000a\000t\000i\000o\000n}{section.5.15}% 149
\BOOKMARK [3][-]{subsubsection.5.15.1.1}{\376\377\0005\000.\0001\0005\000.\0001\000.\0001\000\040\000A\000P\000P\000\137\000H\000E\000I\000G\000H\000T}{subsection.5.15.1}% 150
\BOOKMARK [3][-]{subsubsection.5.15.1.2}{\376\377\0005\000.\0001\0005\000.\0001\000.\0002\000\040\000A\000P\000P\000\137\000T\000I\000T\000L\000E}{subsection.5.15.1}% 151
\BOOKMARK [3][-]{subsubsection.5.15.1.3}{\376\377\0005\000.\0001\0005\000.\0001\000.\0003\000\040\000A\000P\000P\000\137\000W\000I\000D\000T\000H}{subsection.5.15.1}% 152
\BOOKMARK [1][-]{section.5.16}{\376\377\0005\000.\0001\0006\000\040\000p\000d\000f\000\137\000s\000i\000g\000n\000e\000r\000\040\000N\000a\000m\000e\000s\000p\000a\000c\000e\000\040\000R\000e\000f\000e\000r\000e\000n\000c\000e}{chapter.5}% 153
\BOOKMARK [1][-]{section.5.17}{\376\377\0005\000.\0001\0007\000\040\000p\000d\000f\000\137\000s\000i\000g\000n\000e\000r\000.\000s\000i\000g\000n\000e\000r\000\040\000N\000a\000m\000e\000s\000p\000a\000c\000e\000\040\000R\000e\000f\000e\000r\000e\000n\000c\000e}{chapter.5}% 154
\BOOKMARK [2][-]{subsection.5.17.1}{\376\377\0005\000.\0001\0007\000.\0001\000\040\000F\000u\000n\000c\000t\000i\000o\000n\000\040\000D\000o\000c\000u\000m\000e\000n\000t\000a\000t\000i\000o\000n}{section.5.17}% 155
\BOOKMARK [3][-]{subsubsection.5.17.1.1}{\376\377\0005\000.\0001\0007\000.\0001\000.\0001\000\040\000\137\000g\000e\000n\000e\000r\000a\000t\000e\000\137\000s\000e\000l\000f\000\137\000s\000i\000g\000n\000e\000d\000\137\000c\000e\000r\000t\000\050\000\051}{subsection.5.17.1}% 156
\BOOKMARK [3][-]{subsubsection.5.17.1.2}{\376\377\0005\000.\0001\0007\000.\0001\000.\0002\000\040\000s\000i\000g\000n\000\050\000\051}{subsection.5.17.1}% 157
\BOOKMARK [1][-]{section.5.18}{\376\377\0005\000.\0001\0008\000\040\000p\000d\000f\000\137\000s\000i\000g\000n\000e\000r\000.\000v\000e\000r\000i\000f\000i\000e\000r\000\040\000N\000a\000m\000e\000s\000p\000a\000c\000e\000\040\000R\000e\000f\000e\000r\000e\000n\000c\000e}{chapter.5}% 158
\BOOKMARK [2][-]{subsection.5.18.1}{\376\377\0005\000.\0001\0008\000.\0001\000\040\000F\000u\000n\000c\000t\000i\000o\000n\000\040\000D\000o\000c\000u\000m\000e\000n\000t\000a\000t\000i\000o\000n}{section.5.18}% 159
\BOOKMARK [3][-]{subsubsection.5.18.1.1}{\376\377\0005\000.\0001\0008\000.\0001\000.\0001\000\040\000v\000e\000r\000i\000f\000y\000\050\000\051}{subsection.5.18.1}% 160
\BOOKMARK [0][-]{chapter.6}{\376\377\0006\000\040\000C\000l\000a\000s\000s\000\040\000D\000o\000c\000u\000m\000e\000n\000t\000a\000t\000i\000o\000n}{}% 161
\BOOKMARK [1][-]{section.6.1}{\376\377\0006\000.\0001\000\040\000m\000a\000i\000n\000.\000A\000p\000p\000\040\000C\000l\000a\000s\000s\000\040\000R\000e\000f\000e\000r\000e\000n\000c\000e}{chapter.6}% 162
\BOOKMARK [2][-]{subsection.6.1.1}{\376\377\0006\000.\0001\000.\0001\000\040\000D\000e\000t\000a\000i\000l\000e\000d\000\040\000D\000e\000s\000c\000r\000i\000p\000t\000i\000o\000n}{section.6.1}% 163
\BOOKMARK [2][-]{subsection.6.1.2}{\376\377\0006\000.\0001\000.\0002\000\040\000C\000o\000n\000s\000t\000r\000u\000c\000t\000o\000r\000\040\000\046\000\040\000D\000e\000s\000t\000r\000u\000c\000t\000o\000r\000\040\000D\000o\000c\000u\000m\000e\000n\000t\000a\000t\000i\000o\000n}{section.6.1}% 164
\BOOKMARK [3][-]{subsubsection.6.1.2.1}{\376\377\0006\000.\0001\000.\0002\000.\0001\000\040\000\137\000\137\000i\000n\000i\000t\000\137\000\137\000\050\000\051\000\040\000[\0001\000/\0002\000]}{subsection.6.1.2}% 165
\BOOKMARK [3][-]{subsubsection.6.1.2.2}{\376\377\0006\000.\0001\000.\0002\000.\0002\000\040\000\137\000\137\000i\000n\000i\000t\000\137\000\137\000\050\000\051\000\040\000[\0002\000/\0002\000]}{subsection.6.1.2}% 166
\BOOKMARK [2][-]{subsection.6.1.3}{\376\377\0006\000.\0001\000.\0003\000\040\000M\000e\000m\000b\000e\000r\000\040\000F\000u\000n\000c\000t\000i\000o\000n\000\040\000D\000o\000c\000u\000m\000e\000n\000t\000a\000t\000i\000o\000n}{section.6.1}% 167
\BOOKMARK [3][-]{subsubsection.6.1.3.1}{\376\377\0006\000.\0001\000.\0003\000.\0001\000\040\000\137\000c\000h\000a\000n\000g\000e\000\137\000f\000r\000a\000m\000e\000\050\000\051}{subsection.6.1.3}% 168
\BOOKMARK [3][-]{subsubsection.6.1.3.2}{\376\377\0006\000.\0001\000.\0003\000.\0002\000\040\000g\000e\000t\000\137\000k\000e\000y\000\137\000f\000r\000o\000m\000\137\000u\000s\000b\000\137\000r\000e\000s\000u\000l\000t\000\050\000\051}{subsection.6.1.3}% 169
\BOOKMARK [3][-]{subsubsection.6.1.3.3}{\376\377\0006\000.\0001\000.\0003\000.\0003\000\040\000m\000a\000i\000n\000\137\000m\000e\000n\000u\000\050\000\051}{subsection.6.1.3}% 170
\BOOKMARK [3][-]{subsubsection.6.1.3.4}{\376\377\0006\000.\0001\000.\0003\000.\0004\000\040\000s\000t\000a\000r\000t\000\137\000s\000i\000g\000n\000i\000n\000g\000\050\000\051}{subsection.6.1.3}% 171
\BOOKMARK [3][-]{subsubsection.6.1.3.5}{\376\377\0006\000.\0001\000.\0003\000.\0005\000\040\000s\000t\000a\000r\000t\000\137\000v\000e\000r\000i\000f\000y\000i\000n\000g\000\050\000\051}{subsection.6.1.3}% 172
\BOOKMARK [2][-]{subsection.6.1.4}{\376\377\0006\000.\0001\000.\0004\000\040\000M\000e\000m\000b\000e\000r\000\040\000D\000a\000t\000a\000\040\000D\000o\000c\000u\000m\000e\000n\000t\000a\000t\000i\000o\000n}{section.6.1}% 173
\BOOKMARK [3][-]{subsubsection.6.1.4.1}{\376\377\0006\000.\0001\000.\0004\000.\0001\000\040\000c\000u\000r\000r\000e\000n\000t\000\137\000f\000r\000a\000m\000e}{subsection.6.1.4}% 174
\BOOKMARK [1][-]{section.6.2}{\376\377\0006\000.\0002\000\040\000f\000r\000a\000m\000e\000s\000.\000g\000e\000n\000e\000r\000a\000t\000e\000\137\000w\000i\000n\000d\000o\000w\000.\000G\000e\000n\000e\000r\000a\000t\000e\000K\000e\000y\000s\000\040\000C\000l\000a\000s\000s\000\040\000R\000e\000f\000e\000r\000e\000n\000c\000e}{chapter.6}% 175
\BOOKMARK [1][-]{section.6.3}{\376\377\0006\000.\0003\000\040\000f\000r\000a\000m\000e\000s\000.\000u\000s\000b\000\137\000k\000e\000y\000\137\000g\000e\000t\000.\000K\000e\000y\000F\000r\000o\000m\000U\000S\000B\000F\000r\000a\000m\000e\000\040\000C\000l\000a\000s\000s\000\040\000R\000e\000f\000e\000r\000e\000n\000c\000e}{chapter.6}% 176
\BOOKMARK [2][-]{subsection.6.3.1}{\376\377\0006\000.\0003\000.\0001\000\040\000D\000e\000t\000a\000i\000l\000e\000d\000\040\000D\000e\000s\000c\000r\000i\000p\000t\000i\000o\000n}{section.6.3}% 177
\BOOKMARK [2][-]{subsection.6.3.2}{\376\377\0006\000.\0003\000.\0002\000\040\000C\000o\000n\000s\000t\000r\000u\000c\000t\000o\000r\000\040\000\046\000\040\000D\000e\000s\000t\000r\000u\000c\000t\000o\000r\000\040\000D\000o\000c\000u\000m\000e\000n\000t\000a\000t\000i\000o\000n}{section.6.3}% 178
\BOOKMARK [3][-]{subsubsection.6.3.2.1}{\376\377\0006\000.\0003\000.\0002\000.\0001\000\040\000\137\000\137\000i\000n\000i\000t\000\137\000\137\000\050\000\051}{subsection.6.3.2}% 179
\BOOKMARK [2][-]{subsection.6.3.3}{\376\377\0006\000.\0003\000.\0003\000\040\000M\000e\000m\000b\000e\000r\000\040\000F\000u\000n\000c\000t\000i\000o\000n\000\040\000D\000o\000c\000u\000m\000e\000n\000t\000a\000t\000i\000o\000n}{section.6.3}% 180
\BOOKMARK [3][-]{subsubsection.6.3.3.1}{\376\377\0006\000.\0003\000.\0003\000.\0001\000\040\000\137\000p\000r\000o\000c\000e\000s\000s\000\137\000p\000i\000n\000\137\000a\000n\000d\000\137\000g\000e\000t\000\137\000k\000e\000y\000\050\000\051}{subsection.6.3.3}% 181
\BOOKMARK [3][-]{subsubsection.6.3.3.2}{\376\377\0006\000.\0003\000.\0003\000.\0002\000\040\000\137\000s\000e\000t\000u\000p\000\137\000u\000i\000\050\000\051}{subsection.6.3.3}% 182
\BOOKMARK [3][-]{subsubsection.6.3.3.3}{\376\377\0006\000.\0003\000.\0003\000.\0003\000\040\000\137\000u\000p\000d\000a\000t\000e\000\137\000f\000e\000e\000d\000b\000a\000c\000k\000\050\000\051}{subsection.6.3.3}% 183
\BOOKMARK [2][-]{subsection.6.3.4}{\376\377\0006\000.\0003\000.\0004\000\040\000M\000e\000m\000b\000e\000r\000\040\000D\000a\000t\000a\000\040\000D\000o\000c\000u\000m\000e\000n\000t\000a\000t\000i\000o\000n}{section.6.3}% 184
\BOOKMARK [3][-]{subsubsection.6.3.4.1}{\376\377\0006\000.\0003\000.\0004\000.\0001\000\040\000a\000c\000t\000i\000o\000n\000\137\000b\000u\000t\000t\000o\000n}{subsection.6.3.4}% 185
\BOOKMARK [3][-]{subsubsection.6.3.4.2}{\376\377\0006\000.\0003\000.\0004\000.\0002\000\040\000o\000n\000\137\000k\000e\000y\000\137\000r\000e\000t\000r\000i\000e\000v\000e\000d\000\137\000c\000a\000l\000l\000b\000a\000c\000k}{subsection.6.3.4}% 186
\BOOKMARK [3][-]{subsubsection.6.3.4.3}{\376\377\0006\000.\0003\000.\0004\000.\0003\000\040\000p\000i\000n\000\137\000e\000n\000t\000r\000y}{subsection.6.3.4}% 187
\BOOKMARK [3][-]{subsubsection.6.3.4.4}{\376\377\0006\000.\0003\000.\0004\000.\0004\000\040\000s\000t\000a\000t\000u\000s\000\137\000l\000a\000b\000e\000l}{subsection.6.3.4}% 188
\BOOKMARK [1][-]{section.6.4}{\376\377\0006\000.\0004\000\040\000k\000e\000y\000\137\000g\000e\000t\000t\000e\000r\000.\000k\000e\000y\000\137\000g\000e\000t\000t\000e\000r\000.\000K\000e\000y\000I\000n\000v\000a\000l\000i\000d\000E\000x\000c\000e\000p\000t\000i\000o\000n\000\040\000C\000l\000a\000s\000s\000\040\000R\000e\000f\000e\000r\000e\000n\000c\000e}{chapter.6}% 189
\BOOKMARK [2][-]{subsection.6.4.1}{\376\377\0006\000.\0004\000.\0001\000\040\000D\000e\000t\000a\000i\000l\000e\000d\000\040\000D\000e\000s\000c\000r\000i\000p\000t\000i\000o\000n}{section.6.4}% 190
\BOOKMARK [1][-]{section.6.5}{\376\377\0006\000.\0005\000\040\000k\000e\000y\000\137\000g\000e\000t\000t\000e\000r\000.\000k\000e\000y\000\137\000g\000e\000t\000t\000e\000r\000.\000K\000e\000y\000O\000r\000P\000i\000n\000I\000n\000v\000a\000l\000i\000d\000E\000x\000c\000e\000p\000t\000i\000o\000n\000\040\000C\000l\000a\000s\000s\000\040\000R\000e\000f\000e\000r\000e\000n\000c\000e}{chapter.6}% 191
\BOOKMARK [2][-]{subsection.6.5.1}{\376\377\0006\000.\0005\000.\0001\000\040\000D\000e\000t\000a\000i\000l\000e\000d\000\040\000D\000e\000s\000c\000r\000i\000p\000t\000i\000o\000n}{section.6.5}% 192
\BOOKMARK [1][-]{section.6.6}{\376\377\0006\000.\0006\000\040\000k\000e\000y\000\137\000g\000e\000t\000t\000e\000r\000.\000k\000e\000y\000\137\000g\000e\000t\000t\000e\000r\000.\000M\000u\000l\000t\000i\000p\000l\000e\000K\000e\000y\000s\000F\000o\000u\000n\000d\000E\000x\000c\000e\000p\000t\000i\000o\000n\000\040\000C\000l\000a\000s\000s\000\040\000R\000e\000f\000e\000r\000e\000n\000c\000e}{chapter.6}% 193
\BOOKMARK [2][-]{subsection.6.6.1}{\376\377\0006\000.\0006\000.\0001\000\040\000D\000e\000t\000a\000i\000l\000e\000d\000\040\000D\000e\000s\000c\000r\000i\000p\000t\000i\000o\000n}{section.6.6}% 194
\BOOKMARK [1][-]{section.6.7}{\376\377\0006\000.\0007\000\040\000k\000e\000y\000\137\000g\000e\000t\000t\000e\000r\000.\000k\000e\000y\000\137\000g\000e\000t\000t\000e\000r\000.\000N\000o\000K\000e\000y\000F\000o\000u\000n\000d\000E\000x\000c\000e\000p\000t\000i\000o\000n\000\040\000C\000l\000a\000s\000s\000\040\000R\000e\000f\000e\000r\000e\000n\000c\000e}{chapter.6}% 195
\BOOKMARK [2][-]{subsection.6.7.1}{\376\377\0006\000.\0007\000.\0001\000\040\000D\000e\000t\000a\000i\000l\000e\000d\000\040\000D\000e\000s\000c\000r\000i\000p\000t\000i\000o\000n}{section.6.7}% 196
\BOOKMARK [1][-]{section.6.8}{\376\377\0006\000.\0008\000\040\000p\000d\000f\000\137\000s\000i\000g\000n\000e\000r\000.\000v\000e\000r\000i\000f\000i\000e\000r\000.\000N\000o\000S\000i\000g\000n\000a\000t\000u\000r\000e\000F\000o\000u\000n\000d\000\040\000C\000l\000a\000s\000s\000\040\000R\000e\000f\000e\000r\000e\000n\000c\000e}{chapter.6}% 197
\BOOKMARK [2][-]{subsection.6.8.1}{\376\377\0006\000.\0008\000.\0001\000\040\000D\000e\000t\000a\000i\000l\000e\000d\000\040\000D\000e\000s\000c\000r\000i\000p\000t\000i\000o\000n}{section.6.8}% 198
\BOOKMARK [1][-]{section.6.9}{\376\377\0006\000.\0009\000\040\000k\000e\000y\000\137\000g\000e\000t\000t\000e\000r\000.\000k\000e\000y\000\137\000g\000e\000t\000t\000e\000r\000.\000N\000o\000U\000S\000B\000D\000r\000i\000v\000e\000s\000F\000o\000u\000n\000d\000E\000x\000c\000e\000p\000t\000i\000o\000n\000\040\000C\000l\000a\000s\000s\000\040\000R\000e\000f\000e\000r\000e\000n\000c\000e}{chapter.6}% 199
\BOOKMARK [2][-]{subsection.6.9.1}{\376\377\0006\000.\0009\000.\0001\000\040\000D\000e\000t\000a\000i\000l\000e\000d\000\040\000D\000e\000s\000c\000r\000i\000p\000t\000i\000o\000n}{section.6.9}% 200
\BOOKMARK [1][-]{section.6.10}{\376\377\0006\000.\0001\0000\000\040\000f\000r\000a\000m\000e\000s\000.\000s\000i\000g\000n\000i\000n\000g\000.\000S\000i\000g\000n\000i\000n\000g\000F\000r\000a\000m\000e\000\040\000C\000l\000a\000s\000s\000\040\000R\000e\000f\000e\000r\000e\000n\000c\000e}{chapter.6}% 201
\BOOKMARK [2][-]{subsection.6.10.1}{\376\377\0006\000.\0001\0000\000.\0001\000\040\000D\000e\000t\000a\000i\000l\000e\000d\000\040\000D\000e\000s\000c\000r\000i\000p\000t\000i\000o\000n}{section.6.10}% 202
\BOOKMARK [2][-]{subsection.6.10.2}{\376\377\0006\000.\0001\0000\000.\0002\000\040\000C\000o\000n\000s\000t\000r\000u\000c\000t\000o\000r\000\040\000\046\000\040\000D\000e\000s\000t\000r\000u\000c\000t\000o\000r\000\040\000D\000o\000c\000u\000m\000e\000n\000t\000a\000t\000i\000o\000n}{section.6.10}% 203
\BOOKMARK [3][-]{subsubsection.6.10.2.1}{\376\377\0006\000.\0001\0000\000.\0002\000.\0001\000\040\000\137\000\137\000i\000n\000i\000t\000\137\000\137\000\050\000\051}{subsection.6.10.2}% 204
\BOOKMARK [2][-]{subsection.6.10.3}{\376\377\0006\000.\0001\0000\000.\0003\000\040\000M\000e\000m\000b\000e\000r\000\040\000F\000u\000n\000c\000t\000i\000o\000n\000\040\000D\000o\000c\000u\000m\000e\000n\000t\000a\000t\000i\000o\000n}{section.6.10}% 205
\BOOKMARK [3][-]{subsubsection.6.10.3.1}{\376\377\0006\000.\0001\0000\000.\0003\000.\0001\000\040\000\137\000s\000e\000l\000e\000c\000t\000\137\000s\000o\000u\000r\000c\000e\000\137\000p\000d\000f\000\137\000f\000i\000l\000e\000\050\000\051}{subsection.6.10.3}% 206
\BOOKMARK [3][-]{subsubsection.6.10.3.2}{\376\377\0006\000.\0001\0000\000.\0003\000.\0002\000\040\000\137\000s\000e\000l\000e\000c\000t\000\137\000t\000a\000r\000g\000e\000t\000\137\000p\000d\000f\000\137\000p\000a\000t\000h\000\050\000\051}{subsection.6.10.3}% 207
\BOOKMARK [3][-]{subsubsection.6.10.3.3}{\376\377\0006\000.\0001\0000\000.\0003\000.\0003\000\040\000\137\000s\000e\000t\000u\000p\000\137\000u\000i\000\050\000\051}{subsection.6.10.3}% 208
\BOOKMARK [3][-]{subsubsection.6.10.3.4}{\376\377\0006\000.\0001\0000\000.\0003\000.\0004\000\040\000\137\000s\000i\000g\000n\000\137\000p\000d\000f\000\137\000d\000o\000c\000u\000m\000e\000n\000t\000\050\000\051}{subsection.6.10.3}% 209
\BOOKMARK [3][-]{subsubsection.6.10.3.5}{\376\377\0006\000.\0001\0000\000.\0003\000.\0005\000\040\000\137\000u\000p\000d\000a\000t\000e\000\137\000f\000e\000e\000d\000b\000a\000c\000k\000\050\000\051}{subsection.6.10.3}% 210
\BOOKMARK [2][-]{subsection.6.10.4}{\376\377\0006\000.\0001\0000\000.\0004\000\040\000M\000e\000m\000b\000e\000r\000\040\000D\000a\000t\000a\000\040\000D\000o\000c\000u\000m\000e\000n\000t\000a\000t\000i\000o\000n}{section.6.10}% 211
\BOOKMARK [3][-]{subsubsection.6.10.4.1}{\376\377\0006\000.\0001\0000\000.\0004\000.\0001\000\040\000e\000n\000d\000\137\000s\000i\000g\000n\000i\000n\000g\000\137\000c\000a\000l\000l\000b\000a\000c\000k}{subsection.6.10.4}% 212
\BOOKMARK [3][-]{subsubsection.6.10.4.2}{\376\377\0006\000.\0001\0000\000.\0004\000.\0002\000\040\000p\000r\000i\000v\000a\000t\000e\000\137\000k\000e\000y}{subsection.6.10.4}% 213
\BOOKMARK [3][-]{subsubsection.6.10.4.3}{\376\377\0006\000.\0001\0000\000.\0004\000.\0003\000\040\000s\000i\000g\000n\000\137\000b\000u\000t\000t\000o\000n}{subsection.6.10.4}% 214
\BOOKMARK [3][-]{subsubsection.6.10.4.4}{\376\377\0006\000.\0001\0000\000.\0004\000.\0004\000\040\000s\000o\000u\000r\000c\000e\000\137\000p\000d\000f\000\137\000p\000a\000t\000h\000\137\000e\000n\000t\000r\000y}{subsection.6.10.4}% 215
\BOOKMARK [3][-]{subsubsection.6.10.4.5}{\376\377\0006\000.\0001\0000\000.\0004\000.\0005\000\040\000s\000o\000u\000r\000c\000e\000\137\000p\000d\000f\000\137\000p\000a\000t\000h\000\137\000v\000a\000r}{subsection.6.10.4}% 216
\BOOKMARK [3][-]{subsubsection.6.10.4.6}{\376\377\0006\000.\0001\0000\000.\0004\000.\0006\000\040\000s\000t\000a\000t\000u\000s\000\137\000l\000a\000b\000e\000l}{subsection.6.10.4}% 217
\BOOKMARK [3][-]{subsubsection.6.10.4.7}{\376\377\0006\000.\0001\0000\000.\0004\000.\0007\000\040\000t\000a\000r\000g\000e\000t\000\137\000p\000d\000f\000\137\000p\000a\000t\000h\000\137\000e\000n\000t\000r\000y}{subsection.6.10.4}% 218
\BOOKMARK [3][-]{subsubsection.6.10.4.8}{\376\377\0006\000.\0001\0000\000.\0004\000.\0008\000\040\000t\000a\000r\000g\000e\000t\000\137\000p\000d\000f\000\137\000p\000a\000t\000h\000\137\000v\000a\000r}{subsection.6.10.4}% 219
\BOOKMARK [1][-]{section.6.11}{\376\377\0006\000.\0001\0001\000\040\000f\000r\000a\000m\000e\000s\000.\000s\000t\000a\000r\000t\000.\000S\000t\000a\000r\000t\000F\000r\000a\000m\000e\000\040\000C\000l\000a\000s\000s\000\040\000R\000e\000f\000e\000r\000e\000n\000c\000e}{chapter.6}% 220
\BOOKMARK [2][-]{subsection.6.11.1}{\376\377\0006\000.\0001\0001\000.\0001\000\040\000D\000e\000t\000a\000i\000l\000e\000d\000\040\000D\000e\000s\000c\000r\000i\000p\000t\000i\000o\000n}{section.6.11}% 221
\BOOKMARK [2][-]{subsection.6.11.2}{\376\377\0006\000.\0001\0001\000.\0002\000\040\000C\000o\000n\000s\000t\000r\000u\000c\000t\000o\000r\000\040\000\046\000\040\000D\000e\000s\000t\000r\000u\000c\000t\000o\000r\000\040\000D\000o\000c\000u\000m\000e\000n\000t\000a\000t\000i\000o\000n}{section.6.11}% 222
\BOOKMARK [3][-]{subsubsection.6.11.2.1}{\376\377\0006\000.\0001\0001\000.\0002\000.\0001\000\040\000\137\000\137\000i\000n\000i\000t\000\137\000\137\000\050\000\051}{subsection.6.11.2}% 223
\BOOKMARK [2][-]{subsection.6.11.3}{\376\377\0006\000.\0001\0001\000.\0003\000\040\000M\000e\000m\000b\000e\000r\000\040\000F\000u\000n\000c\000t\000i\000o\000n\000\040\000D\000o\000c\000u\000m\000e\000n\000t\000a\000t\000i\000o\000n}{section.6.11}% 224
\BOOKMARK [3][-]{subsubsection.6.11.3.1}{\376\377\0006\000.\0001\0001\000.\0003\000.\0001\000\040\000\137\000s\000e\000t\000u\000p\000\137\000u\000i\000\050\000\051}{subsection.6.11.3}% 225
\BOOKMARK [2][-]{subsection.6.11.4}{\376\377\0006\000.\0001\0001\000.\0004\000\040\000M\000e\000m\000b\000e\000r\000\040\000D\000a\000t\000a\000\040\000D\000o\000c\000u\000m\000e\000n\000t\000a\000t\000i\000o\000n}{section.6.11}% 226
\BOOKMARK [3][-]{subsubsection.6.11.4.1}{\376\377\0006\000.\0001\0001\000.\0004\000.\0001\000\040\000o\000n\000\137\000s\000i\000g\000n\000i\000n\000g\000\137\000c\000h\000o\000s\000e\000n\000\137\000c\000a\000l\000l\000b\000a\000c\000k}{subsection.6.11.4}% 227
\BOOKMARK [3][-]{subsubsection.6.11.4.2}{\376\377\0006\000.\0001\0001\000.\0004\000.\0002\000\040\000o\000n\000\137\000v\000e\000r\000i\000f\000y\000i\000n\000g\000\137\000c\000h\000o\000s\000e\000n\000\137\000c\000a\000l\000l\000b\000a\000c\000k}{subsection.6.11.4}% 228
\BOOKMARK [1][-]{section.6.12}{\376\377\0006\000.\0001\0002\000\040\000k\000e\000y\000\137\000g\000e\000t\000t\000e\000r\000.\000k\000e\000y\000\137\000g\000e\000t\000t\000e\000r\000.\000U\000n\000s\000u\000p\000p\000o\000r\000t\000e\000d\000P\000l\000a\000t\000f\000o\000r\000m\000E\000x\000c\000e\000p\000t\000i\000o\000n\000\040\000C\000l\000a\000s\000s\000\040\000R\000e\000f\000e\000r\000e\000n\000c\000e}{chapter.6}% 229
\BOOKMARK [2][-]{subsection.6.12.1}{\376\377\0006\000.\0001\0002\000.\0001\000\040\000D\000e\000t\000a\000i\000l\000e\000d\000\040\000D\000e\000s\000c\000r\000i\000p\000t\000i\000o\000n}{section.6.12}% 230
\BOOKMARK [1][-]{section.6.13}{\376\377\0006\000.\0001\0003\000\040\000f\000r\000a\000m\000e\000s\000.\000v\000e\000r\000i\000f\000y\000i\000n\000g\000.\000V\000e\000r\000i\000f\000y\000i\000n\000g\000F\000r\000a\000m\000e\000\040\000C\000l\000a\000s\000s\000\040\000R\000e\000f\000e\000r\000e\000n\000c\000e}{chapter.6}% 231
\BOOKMARK [2][-]{subsection.6.13.1}{\376\377\0006\000.\0001\0003\000.\0001\000\040\000D\000e\000t\000a\000i\000l\000e\000d\000\040\000D\000e\000s\000c\000r\000i\000p\000t\000i\000o\000n}{section.6.13}% 232
\BOOKMARK [2][-]{subsection.6.13.2}{\376\377\0006\000.\0001\0003\000.\0002\000\040\000C\000o\000n\000s\000t\000r\000u\000c\000t\000o\000r\000\040\000\046\000\040\000D\000e\000s\000t\000r\000u\000c\000t\000o\000r\000\040\000D\000o\000c\000u\000m\000e\000n\000t\000a\000t\000i\000o\000n}{section.6.13}% 233
\BOOKMARK [3][-]{subsubsection.6.13.2.1}{\376\377\0006\000.\0001\0003\000.\0002\000.\0001\000\040\000\137\000\137\000i\000n\000i\000t\000\137\000\137\000\050\000\051}{subsection.6.13.2}% 234
\BOOKMARK [2][-]{subsection.6.13.3}{\376\377\0006\000.\0001\0003\000.\0003\000\040\000M\000e\000m\000b\000e\000r\000\040\000F\000u\000n\000c\000t\000i\000o\000n\000\040\000D\000o\000c\000u\000m\000e\000n\000t\000a\000t\000i\000o\000n}{section.6.13}% 235
\BOOKMARK [3][-]{subsubsection.6.13.3.1}{\376\377\0006\000.\0001\0003\000.\0003\000.\0001\000\040\000\137\000l\000o\000a\000d\000\137\000p\000u\000b\000l\000i\000c\000\137\000k\000e\000y\000\050\000\051}{subsection.6.13.3}% 236
\BOOKMARK [3][-]{subsubsection.6.13.3.2}{\376\377\0006\000.\0001\0003\000.\0003\000.\0002\000\040\000\137\000p\000r\000o\000c\000e\000s\000s\000\137\000v\000e\000r\000i\000f\000i\000c\000a\000t\000i\000o\000n\000\050\000\051}{subsection.6.13.3}% 237
\BOOKMARK [3][-]{subsubsection.6.13.3.3}{\376\377\0006\000.\0001\0003\000.\0003\000.\0003\000\040\000\137\000s\000e\000l\000e\000c\000t\000\137\000f\000i\000l\000e\000\050\000\051}{subsection.6.13.3}% 238
\BOOKMARK [3][-]{subsubsection.6.13.3.4}{\376\377\0006\000.\0001\0003\000.\0003\000.\0004\000\040\000\137\000s\000e\000l\000e\000c\000t\000\137\000p\000d\000f\000\137\000t\000o\000\137\000v\000e\000r\000i\000f\000y\000\137\000f\000i\000l\000e\000\050\000\051}{subsection.6.13.3}% 239
\BOOKMARK [3][-]{subsubsection.6.13.3.5}{\376\377\0006\000.\0001\0003\000.\0003\000.\0005\000\040\000\137\000s\000e\000l\000e\000c\000t\000\137\000p\000u\000b\000l\000i\000c\000\137\000k\000e\000y\000\137\000f\000i\000l\000e\000\050\000\051}{subsection.6.13.3}% 240
\BOOKMARK [3][-]{subsubsection.6.13.3.6}{\376\377\0006\000.\0001\0003\000.\0003\000.\0006\000\040\000\137\000s\000e\000t\000u\000p\000\137\000u\000i\000\050\000\051}{subsection.6.13.3}% 241
\BOOKMARK [3][-]{subsubsection.6.13.3.7}{\376\377\0006\000.\0001\0003\000.\0003\000.\0007\000\040\000\137\000u\000p\000d\000a\000t\000e\000\137\000f\000e\000e\000d\000b\000a\000c\000k\000\050\000\051}{subsection.6.13.3}% 242
\BOOKMARK [2][-]{subsection.6.13.4}{\376\377\0006\000.\0001\0003\000.\0004\000\040\000M\000e\000m\000b\000e\000r\000\040\000D\000a\000t\000a\000\040\000D\000o\000c\000u\000m\000e\000n\000t\000a\000t\000i\000o\000n}{section.6.13}% 243
\BOOKMARK [3][-]{subsubsection.6.13.4.1}{\376\377\0006\000.\0001\0003\000.\0004\000.\0001\000\040\000e\000n\000d\000\137\000v\000e\000r\000i\000f\000y\000i\000n\000g\000\137\000c\000a\000l\000l\000b\000a\000c\000k}{subsection.6.13.4}% 244
\BOOKMARK [3][-]{subsubsection.6.13.4.2}{\376\377\0006\000.\0001\0003\000.\0004\000.\0002\000\040\000p\000d\000f\000\137\000t\000o\000\137\000v\000e\000r\000i\000f\000y\000\137\000e\000n\000t\000r\000y}{subsection.6.13.4}% 245
\BOOKMARK [3][-]{subsubsection.6.13.4.3}{\376\377\0006\000.\0001\0003\000.\0004\000.\0003\000\040\000p\000d\000f\000\137\000t\000o\000\137\000v\000e\000r\000i\000f\000y\000\137\000p\000a\000t\000h\000\137\000v\000a\000r}{subsection.6.13.4}% 246
\BOOKMARK [3][-]{subsubsection.6.13.4.4}{\376\377\0006\000.\0001\0003\000.\0004\000.\0004\000\040\000p\000u\000b\000l\000i\000c\000\137\000k\000e\000y\000\137\000e\000n\000t\000r\000y}{subsection.6.13.4}% 247
\BOOKMARK [3][-]{subsubsection.6.13.4.5}{\376\377\0006\000.\0001\0003\000.\0004\000.\0005\000\040\000p\000u\000b\000l\000i\000c\000\137\000k\000e\000y\000\137\000p\000a\000t\000h\000\137\000v\000a\000r}{subsection.6.13.4}% 248
\BOOKMARK [3][-]{subsubsection.6.13.4.6}{\376\377\0006\000.\0001\0003\000.\0004\000.\0006\000\040\000s\000t\000a\000t\000u\000s\000\137\000l\000a\000b\000e\000l}{subsection.6.13.4}% 249
\BOOKMARK [3][-]{subsubsection.6.13.4.7}{\376\377\0006\000.\0001\0003\000.\0004\000.\0007\000\040\000v\000e\000r\000i\000f\000y\000\137\000b\000u\000t\000t\000o\000n}{subsection.6.13.4}% 250
\BOOKMARK [0][-]{chapter.7}{\376\377\0007\000\040\000F\000i\000l\000e\000\040\000D\000o\000c\000u\000m\000e\000n\000t\000a\000t\000i\000o\000n}{}% 251
\BOOKMARK [1][-]{section.7.1}{\376\377\0007\000.\0001\000\040\000g\000e\000n\000e\000r\000a\000t\000i\000n\000g\000/\000f\000r\000a\000m\000e\000s\000/\000g\000e\000n\000e\000r\000a\000t\000e\000\137\000w\000i\000n\000d\000o\000w\000.\000p\000y\000\040\000F\000i\000l\000e\000\040\000R\000e\000f\000e\000r\000e\000n\000c\000e}{chapter.7}% 252
\BOOKMARK [2][-]{subsection.7.1.1}{\376\377\0007\000.\0001\000.\0001\000\040\000D\000e\000t\000a\000i\000l\000e\000d\000\040\000D\000e\000s\000c\000r\000i\000p\000t\000i\000o\000n}{section.7.1}% 253
\BOOKMARK [1][-]{section.7.2}{\376\377\0007\000.\0002\000\040\000g\000e\000n\000e\000r\000a\000t\000i\000n\000g\000/\000k\000e\000y\000\137\000g\000e\000n\000e\000r\000a\000t\000e\000/\000A\000E\000S\000\137\000k\000e\000y\000\137\000g\000e\000n\000e\000r\000a\000t\000o\000r\000.\000p\000y\000\040\000F\000i\000l\000e\000\040\000R\000e\000f\000e\000r\000e\000n\000c\000e}{chapter.7}% 254
\BOOKMARK [1][-]{section.7.3}{\376\377\0007\000.\0003\000\040\000g\000e\000n\000e\000r\000a\000t\000i\000n\000g\000/\000k\000e\000y\000\137\000g\000e\000n\000e\000r\000a\000t\000e\000/\000R\000S\000A\000\137\000k\000e\000y\000\137\000g\000e\000n\000e\000r\000a\000t\000o\000r\000.\000p\000y\000\040\000F\000i\000l\000e\000\040\000R\000e\000f\000e\000r\000e\000n\000c\000e}{chapter.7}% 255
\BOOKMARK [1][-]{section.7.4}{\376\377\0007\000.\0004\000\040\000s\000i\000g\000n\000i\000n\000g\000/\000f\000r\000a\000m\000e\000s\000/\000\137\000\137\000i\000n\000i\000t\000\137\000\137\000.\000p\000y\000\040\000F\000i\000l\000e\000\040\000R\000e\000f\000e\000r\000e\000n\000c\000e}{chapter.7}% 256
\BOOKMARK [1][-]{section.7.5}{\376\377\0007\000.\0005\000\040\000s\000i\000g\000n\000i\000n\000g\000/\000s\000e\000r\000v\000i\000c\000e\000s\000/\000k\000e\000y\000\137\000g\000e\000t\000t\000e\000r\000/\000\137\000\137\000i\000n\000i\000t\000\137\000\137\000.\000p\000y\000\040\000F\000i\000l\000e\000\040\000R\000e\000f\000e\000r\000e\000n\000c\000e}{chapter.7}% 257
\BOOKMARK [1][-]{section.7.6}{\376\377\0007\000.\0006\000\040\000s\000i\000g\000n\000i\000n\000g\000/\000s\000e\000r\000v\000i\000c\000e\000s\000/\000p\000d\000f\000\137\000s\000i\000g\000n\000e\000r\000/\000\137\000\137\000i\000n\000i\000t\000\137\000\137\000.\000p\000y\000\040\000F\000i\000l\000e\000\040\000R\000e\000f\000e\000r\000e\000n\000c\000e}{chapter.7}% 258
\BOOKMARK [1][-]{section.7.7}{\376\377\0007\000.\0007\000\040\000g\000e\000n\000e\000r\000a\000t\000i\000n\000g\000/\000f\000r\000a\000m\000e\000s\000/\000\137\000\137\000i\000n\000i\000t\000\137\000\137\000.\000p\000y\000\040\000F\000i\000l\000e\000\040\000R\000e\000f\000e\000r\000e\000n\000c\000e}{chapter.7}% 259
\BOOKMARK [1][-]{section.7.8}{\376\377\0007\000.\0008\000\040\000g\000e\000n\000e\000r\000a\000t\000i\000n\000g\000/\000k\000e\000y\000\137\000g\000e\000n\000e\000r\000a\000t\000e\000/\000\137\000\137\000i\000n\000i\000t\000\137\000\137\000.\000p\000y\000\040\000F\000i\000l\000e\000\040\000R\000e\000f\000e\000r\000e\000n\000c\000e}{chapter.7}% 260
\BOOKMARK [1][-]{section.7.9}{\376\377\0007\000.\0009\000\040\000s\000i\000g\000n\000i\000n\000g\000/\000f\000r\000a\000m\000e\000s\000/\000s\000i\000g\000n\000i\000n\000g\000.\000p\000y\000\040\000F\000i\000l\000e\000\040\000R\000e\000f\000e\000r\000e\000n\000c\000e}{chapter.7}% 261
\BOOKMARK [2][-]{subsection.7.9.1}{\376\377\0007\000.\0009\000.\0001\000\040\000D\000e\000t\000a\000i\000l\000e\000d\000\040\000D\000e\000s\000c\000r\000i\000p\000t\000i\000o\000n}{section.7.9}% 262
\BOOKMARK [1][-]{section.7.10}{\376\377\0007\000.\0001\0000\000\040\000s\000i\000g\000n\000i\000n\000g\000/\000f\000r\000a\000m\000e\000s\000/\000s\000t\000a\000r\000t\000.\000p\000y\000\040\000F\000i\000l\000e\000\040\000R\000e\000f\000e\000r\000e\000n\000c\000e}{chapter.7}% 263
\BOOKMARK [2][-]{subsection.7.10.1}{\376\377\0007\000.\0001\0000\000.\0001\000\040\000D\000e\000t\000a\000i\000l\000e\000d\000\040\000D\000e\000s\000c\000r\000i\000p\000t\000i\000o\000n}{section.7.10}% 264
\BOOKMARK [1][-]{section.7.11}{\376\377\0007\000.\0001\0001\000\040\000s\000i\000g\000n\000i\000n\000g\000/\000f\000r\000a\000m\000e\000s\000/\000u\000s\000b\000\137\000k\000e\000y\000\137\000g\000e\000t\000.\000p\000y\000\040\000F\000i\000l\000e\000\040\000R\000e\000f\000e\000r\000e\000n\000c\000e}{chapter.7}% 265
\BOOKMARK [2][-]{subsection.7.11.1}{\376\377\0007\000.\0001\0001\000.\0001\000\040\000D\000e\000t\000a\000i\000l\000e\000d\000\040\000D\000e\000s\000c\000r\000i\000p\000t\000i\000o\000n}{section.7.11}% 266
\BOOKMARK [1][-]{section.7.12}{\376\377\0007\000.\0001\0002\000\040\000s\000i\000g\000n\000i\000n\000g\000/\000f\000r\000a\000m\000e\000s\000/\000v\000e\000r\000i\000f\000y\000i\000n\000g\000.\000p\000y\000\040\000F\000i\000l\000e\000\040\000R\000e\000f\000e\000r\000e\000n\000c\000e}{chapter.7}% 267
\BOOKMARK [2][-]{subsection.7.12.1}{\376\377\0007\000.\0001\0002\000.\0001\000\040\000D\000e\000t\000a\000i\000l\000e\000d\000\040\000D\000e\000s\000c\000r\000i\000p\000t\000i\000o\000n}{section.7.12}% 268
\BOOKMARK [1][-]{section.7.13}{\376\377\0007\000.\0001\0003\000\040\000s\000i\000g\000n\000i\000n\000g\000/\000m\000a\000i\000n\000.\000p\000y\000\040\000F\000i\000l\000e\000\040\000R\000e\000f\000e\000r\000e\000n\000c\000e}{chapter.7}% 269
\BOOKMARK [2][-]{subsection.7.13.1}{\376\377\0007\000.\0001\0003\000.\0001\000\040\000D\000e\000t\000a\000i\000l\000e\000d\000\040\000D\000e\000s\000c\000r\000i\000p\000t\000i\000o\000n}{section.7.13}% 270
\BOOKMARK [1][-]{section.7.14}{\376\377\0007\000.\0001\0004\000\040\000g\000e\000n\000e\000r\000a\000t\000i\000n\000g\000/\000m\000a\000i\000n\000.\000p\000y\000\040\000F\000i\000l\000e\000\040\000R\000e\000f\000e\000r\000e\000n\000c\000e}{chapter.7}% 271
\BOOKMARK [2][-]{subsection.7.14.1}{\376\377\0007\000.\0001\0004\000.\0001\000\040\000D\000e\000t\000a\000i\000l\000e\000d\000\040\000D\000e\000s\000c\000r\000i\000p\000t\000i\000o\000n}{section.7.14}% 272
\BOOKMARK [1][-]{section.7.15}{\376\377\0007\000.\0001\0005\000\040\000s\000i\000g\000n\000i\000n\000g\000/\000s\000e\000r\000v\000i\000c\000e\000s\000/\000k\000e\000y\000\137\000g\000e\000t\000t\000e\000r\000/\000A\000E\000S\000\137\000P\000I\000N\000\137\000d\000e\000c\000r\000y\000p\000t\000o\000r\000.\000p\000y\000\040\000F\000i\000l\000e\000\040\000R\000e\000f\000e\000r\000e\000n\000c\000e}{chapter.7}% 273
\BOOKMARK [2][-]{subsection.7.15.1}{\376\377\0007\000.\0001\0005\000.\0001\000\040\000D\000e\000t\000a\000i\000l\000e\000d\000\040\000D\000e\000s\000c\000r\000i\000p\000t\000i\000o\000n}{section.7.15}% 274
\BOOKMARK [1][-]{section.7.16}{\376\377\0007\000.\0001\0006\000\040\000s\000i\000g\000n\000i\000n\000g\000/\000s\000e\000r\000v\000i\000c\000e\000s\000/\000k\000e\000y\000\137\000g\000e\000t\000t\000e\000r\000/\000k\000e\000y\000\137\000g\000e\000t\000t\000e\000r\000.\000p\000y\000\040\000F\000i\000l\000e\000\040\000R\000e\000f\000e\000r\000e\000n\000c\000e}{chapter.7}% 275
\BOOKMARK [2][-]{subsection.7.16.1}{\376\377\0007\000.\0001\0006\000.\0001\000\040\000D\000e\000t\000a\000i\000l\000e\000d\000\040\000D\000e\000s\000c\000r\000i\000p\000t\000i\000o\000n}{section.7.16}% 276
\BOOKMARK [1][-]{section.7.17}{\376\377\0007\000.\0001\0007\000\040\000s\000i\000g\000n\000i\000n\000g\000/\000s\000e\000r\000v\000i\000c\000e\000s\000/\000k\000e\000y\000\137\000g\000e\000t\000t\000e\000r\000/\000u\000s\000b\000\137\000f\000i\000n\000d\000e\000r\000\137\000l\000i\000n\000u\000x\000.\000p\000y\000\040\000F\000i\000l\000e\000\040\000R\000e\000f\000e\000r\000e\000n\000c\000e}{chapter.7}% 277
\BOOKMARK [2][-]{subsection.7.17.1}{\376\377\0007\000.\0001\0007\000.\0001\000\040\000D\000e\000t\000a\000i\000l\000e\000d\000\040\000D\000e\000s\000c\000r\000i\000p\000t\000i\000o\000n}{section.7.17}% 278
\BOOKMARK [1][-]{section.7.18}{\376\377\0007\000.\0001\0008\000\040\000s\000i\000g\000n\000i\000n\000g\000/\000s\000e\000r\000v\000i\000c\000e\000s\000/\000k\000e\000y\000\137\000g\000e\000t\000t\000e\000r\000/\000u\000s\000b\000\137\000f\000i\000n\000d\000e\000r\000\137\000w\000i\000n\000d\000o\000w\000s\000.\000p\000y\000\040\000F\000i\000l\000e\000\040\000R\000e\000f\000e\000r\000e\000n\000c\000e}{chapter.7}% 279
\BOOKMARK [2][-]{subsection.7.18.1}{\376\377\0007\000.\0001\0008\000.\0001\000\040\000D\000e\000t\000a\000i\000l\000e\000d\000\040\000D\000e\000s\000c\000r\000i\000p\000t\000i\000o\000n}{section.7.18}% 280
\BOOKMARK [1][-]{section.7.19}{\376\377\0007\000.\0001\0009\000\040\000s\000i\000g\000n\000i\000n\000g\000/\000s\000e\000r\000v\000i\000c\000e\000s\000/\000p\000d\000f\000\137\000s\000i\000g\000n\000e\000r\000/\000s\000i\000g\000n\000e\000r\000.\000p\000y\000\040\000F\000i\000l\000e\000\040\000R\000e\000f\000e\000r\000e\000n\000c\000e}{chapter.7}% 281
\BOOKMARK [2][-]{subsection.7.19.1}{\376\377\0007\000.\0001\0009\000.\0001\000\040\000D\000e\000t\000a\000i\000l\000e\000d\000\040\000D\000e\000s\000c\000r\000i\000p\000t\000i\000o\000n}{section.7.19}% 282
\BOOKMARK [1][-]{section.7.20}{\376\377\0007\000.\0002\0000\000\040\000s\000i\000g\000n\000i\000n\000g\000/\000s\000e\000r\000v\000i\000c\000e\000s\000/\000p\000d\000f\000\137\000s\000i\000g\000n\000e\000r\000/\000v\000e\000r\000i\000f\000i\000e\000r\000.\000p\000y\000\040\000F\000i\000l\000e\000\040\000R\000e\000f\000e\000r\000e\000n\000c\000e}{chapter.7}% 283
\BOOKMARK [2][-]{subsection.7.20.1}{\376\377\0007\000.\0002\0000\000.\0001\000\040\000D\000e\000t\000a\000i\000l\000e\000d\000\040\000D\000e\000s\000c\000r\000i\000p\000t\000i\000o\000n}{section.7.20}% 284
\BOOKMARK [0][-]{section*.87}{\376\377\000I\000n\000d\000e\000x}{}% 285
